c:\users\migma\source\repos\sea\sea\debug\vc141.pdb
c:\users\migma\source\repos\sea\sea\debug\.netframework,version=v4.6.1.assemblyattributes.obj
c:\users\migma\source\repos\sea\sea\debug\.netframework,version=v4.6.1.assemblyattributes.asm
c:\users\migma\source\repos\sea\sea\debug\vista.obj
c:\users\migma\source\repos\sea\sea\debug\npc.obj
c:\users\migma\source\repos\sea\debug\sea.exe
c:\users\migma\source\repos\sea\debug\sea.pdb
c:\users\migma\source\repos\sea\sea\debug\sea.res
c:\users\migma\source\repos\sea\sea\debug\sea.vista.resources
d:\users\documents\personales\universidad\onedrive\trabajo de grado\proyecto terminado\sea\sea\debug\sea.vcxproj.generateresource.cache
d:\users\documents\personales\universidad\onedrive\trabajo de grado\proyecto terminado\sea\sea\debug\sea.vcxprojresolveassemblyreference.cache
d:\users\documents\personales\universidad\onedrive\trabajo de grado\proyecto terminado\sea\sea\debug\.netframework,version=v4.6.1.assemblyattributes.obj
d:\users\documents\personales\universidad\onedrive\trabajo de grado\proyecto terminado\sea\sea\debug\npc.obj
d:\users\documents\personales\universidad\onedrive\trabajo de grado\proyecto terminado\sea\sea\debug\vista.obj
d:\users\documents\personales\universidad\onedrive\trabajo de grado\proyecto terminado\sea\sea\debug\sea.vista.resources
d:\users\documents\personales\universidad\onedrive\trabajo de grado\proyecto terminado\sea\sea\debug\sea.res
d:\users\documents\personales\universidad\onedrive\trabajo de grado\proyecto terminado\sea\sea\debug\vc141.pdb
d:\users\documents\personales\universidad\onedrive\trabajo de grado\proyecto terminado\sea\debug\sea.pdb
d:\users\documents\personales\universidad\onedrive\trabajo de grado\proyecto terminado\sea\debug\sea.exe
d:\users\documents\personales\universidad\onedrive\trabajo de grado\proyecto terminado\sea\sea\debug\sea.tlog\cl.command.1.tlog
d:\users\documents\personales\universidad\onedrive\trabajo de grado\proyecto terminado\sea\sea\debug\sea.tlog\cl.read.1.tlog
d:\users\documents\personales\universidad\onedrive\trabajo de grado\proyecto terminado\sea\sea\debug\sea.tlog\cl.write.1.tlog
d:\users\documents\personales\universidad\onedrive\trabajo de grado\proyecto terminado\sea\sea\debug\sea.tlog\link.command.1.tlog
d:\users\documents\personales\universidad\onedrive\trabajo de grado\proyecto terminado\sea\sea\debug\sea.tlog\link.read.1.tlog
d:\users\documents\personales\universidad\onedrive\trabajo de grado\proyecto terminado\sea\sea\debug\sea.tlog\link.write.1.tlog
d:\users\documents\personales\universidad\onedrive\trabajo de grado\proyecto terminado\sea\sea\debug\sea.tlog\metagen.read.1.tlog
d:\users\documents\personales\universidad\onedrive\trabajo de grado\proyecto terminado\sea\sea\debug\sea.tlog\metagen.write.1.tlog
d:\users\documents\personales\universidad\onedrive\trabajo de grado\proyecto terminado\sea\sea\debug\sea.tlog\rc.command.1.tlog
d:\users\documents\personales\universidad\onedrive\trabajo de grado\proyecto terminado\sea\sea\debug\sea.tlog\rc.read.1.tlog
d:\users\documents\personales\universidad\onedrive\trabajo de grado\proyecto terminado\sea\sea\debug\sea.tlog\rc.write.1.tlog
d:\users\documents\personales\universidad\onedrive\trabajo de grado\proyecto terminado\sea\sea\debug\sea.tlog\sea.write.1u.tlog
d:\users\documents\personales\universidad\onedrive\trabajo de grado\proyecto terminado\sea\sea\debug\sea.tlog\tzres.dll.bi
